{"/home/nikolai/backend-project-4/src/axios.js": {"path":"/home/nikolai/backend-project-4/src/axios.js","statementMap":{"0":{"start":{"line":3,"column":13},"end":{"line":8,"column":2}},"1":{"start":{"line":3,"column":22},"end":{"line":8,"column":2}},"2":{"start":{"line":4,"column":2},"end":{"line":7,"column":5}},"3":{"start":{"line":4,"column":36},"end":{"line":4,"column":58}},"4":{"start":{"line":5,"column":4},"end":{"line":5,"column":19}},"5":{"start":{"line":6,"column":4},"end":{"line":6,"column":14}}},"fnMap":{"0":{"name":"(anonymous_0)","decl":{"start":{"line":3,"column":13},"end":{"line":3,"column":14}},"loc":{"start":{"line":3,"column":22},"end":{"line":8,"column":2}},"line":3},"1":{"name":"(anonymous_1)","decl":{"start":{"line":3,"column":34},"end":{"line":3,"column":35}},"loc":{"start":{"line":3,"column":55},"end":{"line":8,"column":1}},"line":3},"2":{"name":"(anonymous_2)","decl":{"start":{"line":4,"column":22},"end":{"line":4,"column":23}},"loc":{"start":{"line":4,"column":36},"end":{"line":4,"column":58}},"line":4},"3":{"name":"(anonymous_3)","decl":{"start":{"line":4,"column":66},"end":{"line":4,"column":67}},"loc":{"start":{"line":4,"column":73},"end":{"line":7,"column":3}},"line":4}},"branchMap":{},"s":{"0":1,"1":1,"2":1,"3":1,"4":0,"5":0},"f":{"0":1,"1":1,"2":1,"3":0},"b":{},"_coverageSchema":"1a1c01bbd47fc00a2c39e90264f33305004495a9","hash":"a1a3e63a19bb86a6b21e3bd9494e53e6adc41a3f"}
,"/home/nikolai/backend-project-4/src/cheackfile.js": {"path":"/home/nikolai/backend-project-4/src/cheackfile.js","statementMap":{"0":{"start":{"line":6,"column":26},"end":{"line":6,"column":28}},"1":{"start":{"line":8,"column":15},"end":{"line":30,"column":2}},"2":{"start":{"line":8,"column":32},"end":{"line":30,"column":2}},"3":{"start":{"line":9,"column":19},"end":{"line":9,"column":28}},"4":{"start":{"line":10,"column":16},"end":{"line":10,"column":29}},"5":{"start":{"line":11,"column":16},"end":{"line":11,"column":39}},"6":{"start":{"line":12,"column":15},"end":{"line":12,"column":80}},"7":{"start":{"line":14,"column":2},"end":{"line":29,"column":7}},"8":{"start":{"line":16,"column":6},"end":{"line":16,"column":24}},"9":{"start":{"line":19,"column":6},"end":{"line":19,"column":49}},"10":{"start":{"line":20,"column":6},"end":{"line":28,"column":9}},"11":{"start":{"line":21,"column":8},"end":{"line":25,"column":11}},"12":{"start":{"line":22,"column":10},"end":{"line":22,"column":20}},"13":{"start":{"line":24,"column":10},"end":{"line":24,"column":55}},"14":{"start":{"line":27,"column":8},"end":{"line":27,"column":53}}},"fnMap":{"0":{"name":"(anonymous_0)","decl":{"start":{"line":8,"column":15},"end":{"line":8,"column":16}},"loc":{"start":{"line":8,"column":32},"end":{"line":30,"column":2}},"line":8},"1":{"name":"(anonymous_1)","decl":{"start":{"line":8,"column":44},"end":{"line":8,"column":45}},"loc":{"start":{"line":8,"column":65},"end":{"line":30,"column":1}},"line":8},"2":{"name":"(anonymous_2)","decl":{"start":{"line":15,"column":10},"end":{"line":15,"column":11}},"loc":{"start":{"line":15,"column":16},"end":{"line":17,"column":5}},"line":15},"3":{"name":"(anonymous_3)","decl":{"start":{"line":18,"column":11},"end":{"line":18,"column":12}},"loc":{"start":{"line":18,"column":17},"end":{"line":29,"column":5}},"line":18},"4":{"name":"(anonymous_4)","decl":{"start":{"line":20,"column":21},"end":{"line":20,"column":22}},"loc":{"start":{"line":20,"column":31},"end":{"line":26,"column":7}},"line":20},"5":{"name":"(anonymous_5)","decl":{"start":{"line":21,"column":77},"end":{"line":21,"column":78}},"loc":{"start":{"line":21,"column":83},"end":{"line":23,"column":9}},"line":21},"6":{"name":"(anonymous_6)","decl":{"start":{"line":23,"column":17},"end":{"line":23,"column":18}},"loc":{"start":{"line":23,"column":23},"end":{"line":25,"column":9}},"line":23},"7":{"name":"(anonymous_7)","decl":{"start":{"line":26,"column":15},"end":{"line":26,"column":16}},"loc":{"start":{"line":26,"column":21},"end":{"line":28,"column":7}},"line":26}},"branchMap":{"0":{"loc":{"start":{"line":12,"column":15},"end":{"line":12,"column":80}},"type":"cond-expr","locations":[{"start":{"line":12,"column":23},"end":{"line":12,"column":54}},{"start":{"line":12,"column":57},"end":{"line":12,"column":80}}],"line":12},"1":{"loc":{"start":{"line":21,"column":33},"end":{"line":21,"column":51}},"type":"cond-expr","locations":[{"start":{"line":21,"column":42},"end":{"line":21,"column":46}},{"start":{"line":21,"column":49},"end":{"line":21,"column":51}}],"line":21},"2":{"loc":{"start":{"line":21,"column":53},"end":{"line":21,"column":70}},"type":"cond-expr","locations":[{"start":{"line":21,"column":61},"end":{"line":21,"column":65}},{"start":{"line":21,"column":68},"end":{"line":21,"column":70}}],"line":21}},"s":{"0":1,"1":1,"2":1,"3":1,"4":1,"5":1,"6":1,"7":1,"8":0,"9":1,"10":1,"11":1,"12":1,"13":0,"14":0},"f":{"0":1,"1":1,"2":0,"3":1,"4":1,"5":1,"6":0,"7":0},"b":{"0":[1,0],"1":[0,1],"2":[1,0]},"_coverageSchema":"1a1c01bbd47fc00a2c39e90264f33305004495a9","hash":"cfa4ba29c76b052a64d1a1ceec308ba31e183dd2"}
,"/home/nikolai/backend-project-4/src/createFile.js": {"path":"/home/nikolai/backend-project-4/src/createFile.js","statementMap":{"0":{"start":{"line":4,"column":26},"end":{"line":4,"column":28}},"1":{"start":{"line":5,"column":14},"end":{"line":19,"column":2}},"2":{"start":{"line":5,"column":52},"end":{"line":19,"column":2}},"3":{"start":{"line":6,"column":19},"end":{"line":6,"column":28}},"4":{"start":{"line":7,"column":18},"end":{"line":7,"column":31}},"5":{"start":{"line":8,"column":15},"end":{"line":8,"column":42}},"6":{"start":{"line":9,"column":2},"end":{"line":18,"column":3}},"7":{"start":{"line":10,"column":4},"end":{"line":10,"column":83}},"8":{"start":{"line":10,"column":45},"end":{"line":10,"column":54}},"9":{"start":{"line":10,"column":70},"end":{"line":10,"column":79}},"10":{"start":{"line":12,"column":4},"end":{"line":17,"column":34}},"11":{"start":{"line":14,"column":8},"end":{"line":15,"column":60}},"12":{"start":{"line":15,"column":22},"end":{"line":15,"column":31}},"13":{"start":{"line":15,"column":47},"end":{"line":15,"column":56}},"14":{"start":{"line":17,"column":21},"end":{"line":17,"column":30}}},"fnMap":{"0":{"name":"(anonymous_0)","decl":{"start":{"line":5,"column":14},"end":{"line":5,"column":15}},"loc":{"start":{"line":5,"column":52},"end":{"line":19,"column":2}},"line":5},"1":{"name":"(anonymous_1)","decl":{"start":{"line":5,"column":64},"end":{"line":5,"column":65}},"loc":{"start":{"line":5,"column":85},"end":{"line":19,"column":1}},"line":5},"2":{"name":"(anonymous_2)","decl":{"start":{"line":10,"column":39},"end":{"line":10,"column":40}},"loc":{"start":{"line":10,"column":45},"end":{"line":10,"column":54}},"line":10},"3":{"name":"(anonymous_3)","decl":{"start":{"line":10,"column":62},"end":{"line":10,"column":63}},"loc":{"start":{"line":10,"column":68},"end":{"line":10,"column":81}},"line":10},"4":{"name":"(anonymous_4)","decl":{"start":{"line":13,"column":12},"end":{"line":13,"column":13}},"loc":{"start":{"line":13,"column":18},"end":{"line":16,"column":7}},"line":13},"5":{"name":"(anonymous_5)","decl":{"start":{"line":15,"column":16},"end":{"line":15,"column":17}},"loc":{"start":{"line":15,"column":22},"end":{"line":15,"column":31}},"line":15},"6":{"name":"(anonymous_6)","decl":{"start":{"line":15,"column":39},"end":{"line":15,"column":40}},"loc":{"start":{"line":15,"column":45},"end":{"line":15,"column":58}},"line":15},"7":{"name":"(anonymous_7)","decl":{"start":{"line":17,"column":13},"end":{"line":17,"column":14}},"loc":{"start":{"line":17,"column":19},"end":{"line":17,"column":32}},"line":17}},"branchMap":{"0":{"loc":{"start":{"line":9,"column":2},"end":{"line":18,"column":3}},"type":"if","locations":[{"start":{"line":9,"column":2},"end":{"line":18,"column":3}},{"start":{"line":11,"column":9},"end":{"line":18,"column":3}}],"line":9}},"s":{"0":1,"1":1,"2":1,"3":1,"4":1,"5":1,"6":1,"7":0,"8":0,"9":0,"10":1,"11":1,"12":1,"13":0,"14":0},"f":{"0":1,"1":1,"2":0,"3":0,"4":1,"5":1,"6":0,"7":0},"b":{"0":[0,1]},"_coverageSchema":"1a1c01bbd47fc00a2c39e90264f33305004495a9","hash":"34bb21e40b8e481941a9306ee6555076c332c074"}
,"/home/nikolai/backend-project-4/src/filename.js": {"path":"/home/nikolai/backend-project-4/src/filename.js","statementMap":{"0":{"start":{"line":1,"column":13},"end":{"line":8,"column":1}},"1":{"start":{"line":2,"column":17},"end":{"line":2,"column":33}},"2":{"start":{"line":3,"column":17},"end":{"line":3,"column":40}},"3":{"start":{"line":4,"column":14},"end":{"line":4,"column":23}},"4":{"start":{"line":5,"column":20},"end":{"line":5,"column":44}},"5":{"start":{"line":6,"column":19},"end":{"line":6,"column":38}},"6":{"start":{"line":7,"column":2},"end":{"line":7,"column":18}}},"fnMap":{"0":{"name":"(anonymous_0)","decl":{"start":{"line":1,"column":13},"end":{"line":1,"column":14}},"loc":{"start":{"line":1,"column":22},"end":{"line":8,"column":1}},"line":1}},"branchMap":{},"s":{"0":1,"1":2,"2":2,"3":2,"4":2,"5":2,"6":2},"f":{"0":2},"b":{},"_coverageSchema":"1a1c01bbd47fc00a2c39e90264f33305004495a9","hash":"f7dd039b1d409578ee9516af3b1f9c7ab9ff807e"}
,"/home/nikolai/backend-project-4/src/index.js": {"path":"/home/nikolai/backend-project-4/src/index.js","statementMap":{"0":{"start":{"line":3,"column":19},"end":{"line":5,"column":2}},"1":{"start":{"line":3,"column":36},"end":{"line":5,"column":2}},"2":{"start":{"line":4,"column":2},"end":{"line":4,"column":76}},"3":{"start":{"line":4,"column":35},"end":{"line":4,"column":45}},"4":{"start":{"line":4,"column":63},"end":{"line":4,"column":72}}},"fnMap":{"0":{"name":"(anonymous_0)","decl":{"start":{"line":3,"column":19},"end":{"line":3,"column":20}},"loc":{"start":{"line":3,"column":36},"end":{"line":5,"column":2}},"line":3},"1":{"name":"(anonymous_1)","decl":{"start":{"line":3,"column":48},"end":{"line":3,"column":49}},"loc":{"start":{"line":3,"column":69},"end":{"line":5,"column":1}},"line":3},"2":{"name":"(anonymous_2)","decl":{"start":{"line":4,"column":27},"end":{"line":4,"column":28}},"loc":{"start":{"line":4,"column":33},"end":{"line":4,"column":47}},"line":4},"3":{"name":"(anonymous_3)","decl":{"start":{"line":4,"column":55},"end":{"line":4,"column":56}},"loc":{"start":{"line":4,"column":61},"end":{"line":4,"column":74}},"line":4}},"branchMap":{},"s":{"0":1,"1":1,"2":1,"3":1,"4":0},"f":{"0":1,"1":1,"2":1,"3":0},"b":{},"_coverageSchema":"1a1c01bbd47fc00a2c39e90264f33305004495a9","hash":"1c06b6062fbbc393130875f094d21ae8af0eb3ae"}
}
