{"/home/nikolai/backend-project-4/src/ChangeHtml.js": {"path":"/home/nikolai/backend-project-4/src/ChangeHtml.js","statementMap":{"0":{"start":{"line":6,"column":19},"end":{"line":28,"column":2}},"1":{"start":{"line":6,"column":37},"end":{"line":28,"column":2}},"2":{"start":{"line":7,"column":14},"end":{"line":7,"column":16}},"3":{"start":{"line":8,"column":12},"end":{"line":8,"column":30}},"4":{"start":{"line":9,"column":2},"end":{"line":11,"column":5}},"5":{"start":{"line":10,"column":4},"end":{"line":10,"column":33}},"6":{"start":{"line":12,"column":15},"end":{"line":12,"column":47}},"7":{"start":{"line":12,"column":32},"end":{"line":12,"column":46}},"8":{"start":{"line":13,"column":12},"end":{"line":13,"column":26}},"9":{"start":{"line":14,"column":12},"end":{"line":14,"column":22}},"10":{"start":{"line":15,"column":18},"end":{"line":15,"column":65}},"11":{"start":{"line":15,"column":36},"end":{"line":15,"column":64}},"12":{"start":{"line":16,"column":14},"end":{"line":16,"column":17}},"13":{"start":{"line":17,"column":14},"end":{"line":17,"column":21}},"14":{"start":{"line":18,"column":2},"end":{"line":25,"column":3}},"15":{"start":{"line":18,"column":15},"end":{"line":18,"column":16}},"16":{"start":{"line":19,"column":4},"end":{"line":24,"column":7}},"17":{"start":{"line":20,"column":18},"end":{"line":22,"column":35}},"18":{"start":{"line":23,"column":6},"end":{"line":23,"column":31}},"19":{"start":{"line":26,"column":2},"end":{"line":26,"column":33}},"20":{"start":{"line":27,"column":2},"end":{"line":27,"column":11}}},"fnMap":{"0":{"name":"(anonymous_0)","decl":{"start":{"line":6,"column":19},"end":{"line":6,"column":20}},"loc":{"start":{"line":6,"column":37},"end":{"line":28,"column":2}},"line":6},"1":{"name":"(anonymous_1)","decl":{"start":{"line":6,"column":49},"end":{"line":6,"column":50}},"loc":{"start":{"line":6,"column":70},"end":{"line":28,"column":1}},"line":6},"2":{"name":"arr1","decl":{"start":{"line":9,"column":25},"end":{"line":9,"column":29}},"loc":{"start":{"line":9,"column":33},"end":{"line":11,"column":3}},"line":9},"3":{"name":"(anonymous_3)","decl":{"start":{"line":12,"column":23},"end":{"line":12,"column":24}},"loc":{"start":{"line":12,"column":32},"end":{"line":12,"column":46}},"line":12},"4":{"name":"(anonymous_4)","decl":{"start":{"line":15,"column":27},"end":{"line":15,"column":28}},"loc":{"start":{"line":15,"column":36},"end":{"line":15,"column":64}},"line":15},"5":{"name":"arr2","decl":{"start":{"line":19,"column":27},"end":{"line":19,"column":31}},"loc":{"start":{"line":19,"column":34},"end":{"line":24,"column":5}},"line":19}},"branchMap":{},"s":{"0":1,"1":1,"2":1,"3":1,"4":1,"5":1,"6":1,"7":1,"8":1,"9":1,"10":1,"11":1,"12":1,"13":1,"14":1,"15":1,"16":1,"17":1,"18":1,"19":1,"20":1},"f":{"0":1,"1":1,"2":1,"3":1,"4":1,"5":1},"b":{},"_coverageSchema":"1a1c01bbd47fc00a2c39e90264f33305004495a9","hash":"36e6828363e1a8fb2d48041bcc75ecfccfcce705"}
,"/home/nikolai/backend-project-4/src/DirName.js": {"path":"/home/nikolai/backend-project-4/src/DirName.js","statementMap":{"0":{"start":{"line":1,"column":16},"end":{"line":6,"column":1}},"1":{"start":{"line":2,"column":14},"end":{"line":2,"column":23}},"2":{"start":{"line":3,"column":19},"end":{"line":3,"column":40}},"3":{"start":{"line":4,"column":18},"end":{"line":4,"column":37}},"4":{"start":{"line":5,"column":2},"end":{"line":5,"column":17}}},"fnMap":{"0":{"name":"(anonymous_0)","decl":{"start":{"line":1,"column":16},"end":{"line":1,"column":17}},"loc":{"start":{"line":1,"column":25},"end":{"line":6,"column":1}},"line":1}},"branchMap":{},"s":{"0":1,"1":2,"2":2,"3":2,"4":2},"f":{"0":2},"b":{},"_coverageSchema":"1a1c01bbd47fc00a2c39e90264f33305004495a9","hash":"8cc6f5718ff3f7ad026db8d433f511c80c756e82"}
,"/home/nikolai/backend-project-4/src/FileName.js": {"path":"/home/nikolai/backend-project-4/src/FileName.js","statementMap":{"0":{"start":{"line":1,"column":17},"end":{"line":6,"column":1}},"1":{"start":{"line":2,"column":14},"end":{"line":2,"column":23}},"2":{"start":{"line":3,"column":15},"end":{"line":3,"column":36}},"3":{"start":{"line":4,"column":19},"end":{"line":4,"column":33}},"4":{"start":{"line":5,"column":2},"end":{"line":5,"column":18}}},"fnMap":{"0":{"name":"(anonymous_0)","decl":{"start":{"line":1,"column":17},"end":{"line":1,"column":18}},"loc":{"start":{"line":1,"column":26},"end":{"line":6,"column":1}},"line":1}},"branchMap":{},"s":{"0":1,"1":1,"2":1,"3":1,"4":1},"f":{"0":1},"b":{},"_coverageSchema":"1a1c01bbd47fc00a2c39e90264f33305004495a9","hash":"0a2b687eac04f2e6e2608e9bd0a48a9fce040664"}
,"/home/nikolai/backend-project-4/src/Load.js": {"path":"/home/nikolai/backend-project-4/src/Load.js","statementMap":{"0":{"start":{"line":3,"column":13},"end":{"line":11,"column":2}},"1":{"start":{"line":3,"column":22},"end":{"line":11,"column":2}},"2":{"start":{"line":4,"column":2},"end":{"line":10,"column":7}},"3":{"start":{"line":6,"column":24},"end":{"line":6,"column":46}},"4":{"start":{"line":8,"column":6},"end":{"line":8,"column":76}},"5":{"start":{"line":9,"column":6},"end":{"line":9,"column":16}}},"fnMap":{"0":{"name":"(anonymous_0)","decl":{"start":{"line":3,"column":13},"end":{"line":3,"column":14}},"loc":{"start":{"line":3,"column":22},"end":{"line":11,"column":2}},"line":3},"1":{"name":"(anonymous_1)","decl":{"start":{"line":3,"column":34},"end":{"line":3,"column":35}},"loc":{"start":{"line":3,"column":55},"end":{"line":11,"column":1}},"line":3},"2":{"name":"(anonymous_2)","decl":{"start":{"line":6,"column":10},"end":{"line":6,"column":11}},"loc":{"start":{"line":6,"column":24},"end":{"line":6,"column":46}},"line":6},"3":{"name":"(anonymous_3)","decl":{"start":{"line":7,"column":11},"end":{"line":7,"column":12}},"loc":{"start":{"line":7,"column":18},"end":{"line":10,"column":5}},"line":7}},"branchMap":{},"s":{"0":1,"1":1,"2":1,"3":1,"4":0,"5":0},"f":{"0":1,"1":1,"2":1,"3":0},"b":{},"_coverageSchema":"1a1c01bbd47fc00a2c39e90264f33305004495a9","hash":"fd9e687c4b93ae8c611b27f426e2555de3e0769f"}
,"/home/nikolai/backend-project-4/src/LoadImg.js": {"path":"/home/nikolai/backend-project-4/src/LoadImg.js","statementMap":{"0":{"start":{"line":3,"column":16},"end":{"line":21,"column":2}},"1":{"start":{"line":3,"column":26},"end":{"line":21,"column":2}},"2":{"start":{"line":4,"column":19},"end":{"line":4,"column":21}},"3":{"start":{"line":6,"column":2},"end":{"line":12,"column":3}},"4":{"start":{"line":7,"column":4},"end":{"line":11,"column":8}},"5":{"start":{"line":8,"column":6},"end":{"line":10,"column":9}},"6":{"start":{"line":9,"column":8},"end":{"line":9,"column":19}},"7":{"start":{"line":14,"column":2},"end":{"line":20,"column":5}},"8":{"start":{"line":15,"column":4},"end":{"line":19,"column":7}}},"fnMap":{"0":{"name":"(anonymous_0)","decl":{"start":{"line":3,"column":16},"end":{"line":3,"column":17}},"loc":{"start":{"line":3,"column":26},"end":{"line":21,"column":2}},"line":3},"1":{"name":"(anonymous_1)","decl":{"start":{"line":3,"column":38},"end":{"line":3,"column":39}},"loc":{"start":{"line":3,"column":59},"end":{"line":21,"column":1}},"line":3},"2":{"name":"(anonymous_2)","decl":{"start":{"line":7,"column":30},"end":{"line":7,"column":31}},"loc":{"start":{"line":7,"column":43},"end":{"line":11,"column":5}},"line":7},"3":{"name":"(anonymous_3)","decl":{"start":{"line":8,"column":24},"end":{"line":8,"column":25}},"loc":{"start":{"line":8,"column":31},"end":{"line":10,"column":7}},"line":8},"4":{"name":"(anonymous_4)","decl":{"start":{"line":14,"column":29},"end":{"line":14,"column":30}},"loc":{"start":{"line":14,"column":42},"end":{"line":20,"column":3}},"line":14}},"branchMap":{},"s":{"0":1,"1":1,"2":1,"3":1,"4":1,"5":1,"6":0,"7":1,"8":0},"f":{"0":1,"1":1,"2":1,"3":0,"4":0},"b":{},"_coverageSchema":"1a1c01bbd47fc00a2c39e90264f33305004495a9","hash":"dde2c0746c74cc8768547eed519b7b959149fe33"}
,"/home/nikolai/backend-project-4/src/RegExp.js": {"path":"/home/nikolai/backend-project-4/src/RegExp.js","statementMap":{"0":{"start":{"line":1,"column":18},"end":{"line":18,"column":1}},"1":{"start":{"line":2,"column":14},"end":{"line":2,"column":30}},"2":{"start":{"line":3,"column":15},"end":{"line":3,"column":30}},"3":{"start":{"line":4,"column":2},"end":{"line":8,"column":3}},"4":{"start":{"line":5,"column":19},"end":{"line":5,"column":35}},"5":{"start":{"line":6,"column":19},"end":{"line":6,"column":42}},"6":{"start":{"line":7,"column":4},"end":{"line":7,"column":18}},"7":{"start":{"line":9,"column":2},"end":{"line":13,"column":3}},"8":{"start":{"line":10,"column":16},"end":{"line":10,"column":31}},"9":{"start":{"line":11,"column":16},"end":{"line":11,"column":36}},"10":{"start":{"line":12,"column":4},"end":{"line":12,"column":15}},"11":{"start":{"line":14,"column":2},"end":{"line":16,"column":3}},"12":{"start":{"line":15,"column":4},"end":{"line":15,"column":15}},"13":{"start":{"line":17,"column":2},"end":{"line":17,"column":13}}},"fnMap":{"0":{"name":"(anonymous_0)","decl":{"start":{"line":1,"column":18},"end":{"line":1,"column":19}},"loc":{"start":{"line":1,"column":27},"end":{"line":18,"column":1}},"line":1}},"branchMap":{"0":{"loc":{"start":{"line":4,"column":2},"end":{"line":8,"column":3}},"type":"if","locations":[{"start":{"line":4,"column":2},"end":{"line":8,"column":3}},{"start":{},"end":{}}],"line":4},"1":{"loc":{"start":{"line":9,"column":2},"end":{"line":13,"column":3}},"type":"if","locations":[{"start":{"line":9,"column":2},"end":{"line":13,"column":3}},{"start":{},"end":{}}],"line":9},"2":{"loc":{"start":{"line":14,"column":2},"end":{"line":16,"column":3}},"type":"if","locations":[{"start":{"line":14,"column":2},"end":{"line":16,"column":3}},{"start":{},"end":{}}],"line":14},"3":{"loc":{"start":{"line":14,"column":6},"end":{"line":14,"column":39}},"type":"binary-expr","locations":[{"start":{"line":14,"column":6},"end":{"line":14,"column":20}},{"start":{"line":14,"column":24},"end":{"line":14,"column":39}}],"line":14}},"s":{"0":1,"1":3,"2":3,"3":3,"4":2,"5":2,"6":2,"7":1,"8":0,"9":0,"10":0,"11":1,"12":1,"13":0},"f":{"0":3},"b":{"0":[2,1],"1":[0,1],"2":[1,0],"3":[1,0]},"_coverageSchema":"1a1c01bbd47fc00a2c39e90264f33305004495a9","hash":"828ce1518ae724d315436b3437af3d8135ecdadd"}
,"/home/nikolai/backend-project-4/src/UrlFix.js": {"path":"/home/nikolai/backend-project-4/src/UrlFix.js","statementMap":{"0":{"start":{"line":1,"column":16},"end":{"line":7,"column":1}},"1":{"start":{"line":2,"column":14},"end":{"line":2,"column":22}},"2":{"start":{"line":3,"column":15},"end":{"line":3,"column":35}},"3":{"start":{"line":4,"column":15},"end":{"line":4,"column":24}},"4":{"start":{"line":5,"column":18},"end":{"line":5,"column":41}},"5":{"start":{"line":6,"column":2},"end":{"line":6,"column":17}}},"fnMap":{"0":{"name":"(anonymous_0)","decl":{"start":{"line":1,"column":16},"end":{"line":1,"column":17}},"loc":{"start":{"line":1,"column":25},"end":{"line":7,"column":1}},"line":1}},"branchMap":{},"s":{"0":1,"1":1,"2":1,"3":1,"4":1,"5":1},"f":{"0":1},"b":{},"_coverageSchema":"1a1c01bbd47fc00a2c39e90264f33305004495a9","hash":"3ebad1f05970451cd4492808087ae76433c525bd"}
,"/home/nikolai/backend-project-4/src/axiosImg.js": {"path":"/home/nikolai/backend-project-4/src/axiosImg.js","statementMap":{"0":{"start":{"line":3,"column":14},"end":{"line":14,"column":2}},"1":{"start":{"line":3,"column":23},"end":{"line":14,"column":2}},"2":{"start":{"line":4,"column":2},"end":{"line":13,"column":7}},"3":{"start":{"line":9,"column":24},"end":{"line":9,"column":46}},"4":{"start":{"line":11,"column":6},"end":{"line":11,"column":21}},"5":{"start":{"line":12,"column":6},"end":{"line":12,"column":16}}},"fnMap":{"0":{"name":"(anonymous_0)","decl":{"start":{"line":3,"column":14},"end":{"line":3,"column":15}},"loc":{"start":{"line":3,"column":23},"end":{"line":14,"column":2}},"line":3},"1":{"name":"(anonymous_1)","decl":{"start":{"line":3,"column":35},"end":{"line":3,"column":36}},"loc":{"start":{"line":3,"column":56},"end":{"line":14,"column":1}},"line":3},"2":{"name":"(anonymous_2)","decl":{"start":{"line":9,"column":10},"end":{"line":9,"column":11}},"loc":{"start":{"line":9,"column":24},"end":{"line":9,"column":46}},"line":9},"3":{"name":"(anonymous_3)","decl":{"start":{"line":10,"column":11},"end":{"line":10,"column":12}},"loc":{"start":{"line":10,"column":18},"end":{"line":13,"column":5}},"line":10}},"branchMap":{},"s":{"0":1,"1":1,"2":1,"3":0,"4":1,"5":1},"f":{"0":1,"1":1,"2":0,"3":1},"b":{},"_coverageSchema":"1a1c01bbd47fc00a2c39e90264f33305004495a9","hash":"a863ff057ffa4a04d00d64d31e4aa947ce93654e"}
,"/home/nikolai/backend-project-4/src/changeImg.js": {"path":"/home/nikolai/backend-project-4/src/changeImg.js","statementMap":{"0":{"start":{"line":3,"column":18},"end":{"line":14,"column":1}},"1":{"start":{"line":4,"column":14},"end":{"line":4,"column":28}},"2":{"start":{"line":5,"column":15},"end":{"line":5,"column":23}},"3":{"start":{"line":6,"column":15},"end":{"line":6,"column":36}},"4":{"start":{"line":7,"column":14},"end":{"line":7,"column":23}},"5":{"start":{"line":8,"column":12},"end":{"line":8,"column":34}},"6":{"start":{"line":9,"column":12},"end":{"line":9,"column":42}},"7":{"start":{"line":10,"column":14},"end":{"line":10,"column":19}},"8":{"start":{"line":11,"column":12},"end":{"line":11,"column":31}},"9":{"start":{"line":12,"column":12},"end":{"line":12,"column":42}},"10":{"start":{"line":13,"column":2},"end":{"line":13,"column":11}}},"fnMap":{"0":{"name":"(anonymous_0)","decl":{"start":{"line":3,"column":18},"end":{"line":3,"column":19}},"loc":{"start":{"line":3,"column":27},"end":{"line":14,"column":1}},"line":3}},"branchMap":{},"s":{"0":1,"1":1,"2":1,"3":1,"4":1,"5":1,"6":1,"7":1,"8":1,"9":1,"10":1},"f":{"0":1},"b":{},"_coverageSchema":"1a1c01bbd47fc00a2c39e90264f33305004495a9","hash":"b4162f06cd84722286e088052c38118ca089a577"}
,"/home/nikolai/backend-project-4/src/cheackfile.js": {"path":"/home/nikolai/backend-project-4/src/cheackfile.js","statementMap":{"0":{"start":{"line":11,"column":26},"end":{"line":11,"column":28}},"1":{"start":{"line":13,"column":15},"end":{"line":51,"column":2}},"2":{"start":{"line":13,"column":32},"end":{"line":51,"column":2}},"3":{"start":{"line":14,"column":16},"end":{"line":14,"column":30}},"4":{"start":{"line":15,"column":15},"end":{"line":15,"column":30}},"5":{"start":{"line":16,"column":19},"end":{"line":16,"column":33}},"6":{"start":{"line":17,"column":12},"end":{"line":17,"column":26}},"7":{"start":{"line":18,"column":16},"end":{"line":18,"column":29}},"8":{"start":{"line":19,"column":16},"end":{"line":19,"column":39}},"9":{"start":{"line":20,"column":15},"end":{"line":22,"column":24}},"10":{"start":{"line":23,"column":2},"end":{"line":50,"column":7}},"11":{"start":{"line":26,"column":6},"end":{"line":26,"column":49}},"12":{"start":{"line":29,"column":6},"end":{"line":29,"column":55}},"13":{"start":{"line":30,"column":6},"end":{"line":49,"column":11}},"14":{"start":{"line":31,"column":24},"end":{"line":31,"column":48}},"15":{"start":{"line":32,"column":24},"end":{"line":32,"column":37}},"16":{"start":{"line":34,"column":10},"end":{"line":48,"column":15}},"17":{"start":{"line":44,"column":14},"end":{"line":44,"column":24}},"18":{"start":{"line":47,"column":14},"end":{"line":47,"column":59}}},"fnMap":{"0":{"name":"(anonymous_0)","decl":{"start":{"line":13,"column":15},"end":{"line":13,"column":16}},"loc":{"start":{"line":13,"column":32},"end":{"line":51,"column":2}},"line":13},"1":{"name":"(anonymous_1)","decl":{"start":{"line":13,"column":44},"end":{"line":13,"column":45}},"loc":{"start":{"line":13,"column":65},"end":{"line":51,"column":1}},"line":13},"2":{"name":"(anonymous_2)","decl":{"start":{"line":25,"column":10},"end":{"line":25,"column":11}},"loc":{"start":{"line":25,"column":16},"end":{"line":27,"column":5}},"line":25},"3":{"name":"(anonymous_3)","decl":{"start":{"line":28,"column":11},"end":{"line":28,"column":12}},"loc":{"start":{"line":28,"column":17},"end":{"line":50,"column":5}},"line":28},"4":{"name":"(anonymous_4)","decl":{"start":{"line":31,"column":14},"end":{"line":31,"column":15}},"loc":{"start":{"line":31,"column":24},"end":{"line":31,"column":48}},"line":31},"5":{"name":"(anonymous_5)","decl":{"start":{"line":32,"column":14},"end":{"line":32,"column":15}},"loc":{"start":{"line":32,"column":24},"end":{"line":32,"column":37}},"line":32},"6":{"name":"(anonymous_6)","decl":{"start":{"line":33,"column":14},"end":{"line":33,"column":15}},"loc":{"start":{"line":33,"column":24},"end":{"line":49,"column":9}},"line":33},"7":{"name":"(anonymous_7)","decl":{"start":{"line":43,"column":18},"end":{"line":43,"column":19}},"loc":{"start":{"line":43,"column":24},"end":{"line":45,"column":13}},"line":43},"8":{"name":"(anonymous_8)","decl":{"start":{"line":46,"column":19},"end":{"line":46,"column":20}},"loc":{"start":{"line":46,"column":25},"end":{"line":48,"column":13}},"line":46}},"branchMap":{"0":{"loc":{"start":{"line":20,"column":15},"end":{"line":22,"column":24}},"type":"cond-expr","locations":[{"start":{"line":21,"column":6},"end":{"line":21,"column":33}},{"start":{"line":22,"column":6},"end":{"line":22,"column":24}}],"line":20},"1":{"loc":{"start":{"line":40,"column":12},"end":{"line":40,"column":30}},"type":"cond-expr","locations":[{"start":{"line":40,"column":21},"end":{"line":40,"column":25}},{"start":{"line":40,"column":28},"end":{"line":40,"column":30}}],"line":40},"2":{"loc":{"start":{"line":41,"column":12},"end":{"line":41,"column":29}},"type":"cond-expr","locations":[{"start":{"line":41,"column":20},"end":{"line":41,"column":24}},{"start":{"line":41,"column":27},"end":{"line":41,"column":29}}],"line":41}},"s":{"0":1,"1":1,"2":1,"3":1,"4":1,"5":1,"6":1,"7":1,"8":1,"9":1,"10":1,"11":0,"12":1,"13":1,"14":1,"15":1,"16":0,"17":0,"18":0},"f":{"0":1,"1":1,"2":0,"3":1,"4":1,"5":1,"6":0,"7":0,"8":0},"b":{"0":[1,0],"1":[0,0],"2":[0,0]},"_coverageSchema":"1a1c01bbd47fc00a2c39e90264f33305004495a9","hash":"fe1e5ea7624d4269a2d82350fbcd0f0acf66d8d1"}
,"/home/nikolai/backend-project-4/src/createFile.js": {"path":"/home/nikolai/backend-project-4/src/createFile.js","statementMap":{"0":{"start":{"line":4,"column":26},"end":{"line":4,"column":28}},"1":{"start":{"line":5,"column":14},"end":{"line":78,"column":2}},"2":{"start":{"line":5,"column":66},"end":{"line":78,"column":2}},"3":{"start":{"line":6,"column":16},"end":{"line":6,"column":23}},"4":{"start":{"line":7,"column":16},"end":{"line":7,"column":23}},"5":{"start":{"line":8,"column":22},"end":{"line":8,"column":29}},"6":{"start":{"line":9,"column":22},"end":{"line":9,"column":66}},"7":{"start":{"line":9,"column":47},"end":{"line":9,"column":65}},"8":{"start":{"line":10,"column":18},"end":{"line":10,"column":31}},"9":{"start":{"line":11,"column":15},"end":{"line":11,"column":42}},"10":{"start":{"line":12,"column":18},"end":{"line":12,"column":22}},"11":{"start":{"line":13,"column":2},"end":{"line":77,"column":3}},"12":{"start":{"line":14,"column":4},"end":{"line":19,"column":9}},"13":{"start":{"line":16,"column":18},"end":{"line":16,"column":27}},"14":{"start":{"line":18,"column":8},"end":{"line":18,"column":17}},"15":{"start":{"line":20,"column":4},"end":{"line":41,"column":9}},"16":{"start":{"line":23,"column":8},"end":{"line":36,"column":9}},"17":{"start":{"line":23,"column":21},"end":{"line":23,"column":22}},"18":{"start":{"line":24,"column":10},"end":{"line":35,"column":15}},"19":{"start":{"line":31,"column":14},"end":{"line":31,"column":44}},"20":{"start":{"line":34,"column":14},"end":{"line":34,"column":58}},"21":{"start":{"line":38,"column":18},"end":{"line":38,"column":27}},"22":{"start":{"line":40,"column":8},"end":{"line":40,"column":17}},"23":{"start":{"line":43,"column":4},"end":{"line":76,"column":7}},"24":{"start":{"line":44,"column":6},"end":{"line":49,"column":11}},"25":{"start":{"line":46,"column":20},"end":{"line":46,"column":29}},"26":{"start":{"line":48,"column":10},"end":{"line":48,"column":19}},"27":{"start":{"line":50,"column":6},"end":{"line":75,"column":11}},"28":{"start":{"line":53,"column":10},"end":{"line":70,"column":11}},"29":{"start":{"line":53,"column":23},"end":{"line":53,"column":24}},"30":{"start":{"line":54,"column":12},"end":{"line":69,"column":17}},"31":{"start":{"line":65,"column":16},"end":{"line":65,"column":46}},"32":{"start":{"line":68,"column":16},"end":{"line":68,"column":60}},"33":{"start":{"line":72,"column":20},"end":{"line":72,"column":29}},"34":{"start":{"line":74,"column":10},"end":{"line":74,"column":19}}},"fnMap":{"0":{"name":"(anonymous_0)","decl":{"start":{"line":5,"column":14},"end":{"line":5,"column":15}},"loc":{"start":{"line":5,"column":66},"end":{"line":78,"column":2}},"line":5},"1":{"name":"(anonymous_1)","decl":{"start":{"line":5,"column":78},"end":{"line":5,"column":79}},"loc":{"start":{"line":5,"column":99},"end":{"line":78,"column":1}},"line":5},"2":{"name":"(anonymous_2)","decl":{"start":{"line":9,"column":38},"end":{"line":9,"column":39}},"loc":{"start":{"line":9,"column":47},"end":{"line":9,"column":65}},"line":9},"3":{"name":"(anonymous_3)","decl":{"start":{"line":16,"column":12},"end":{"line":16,"column":13}},"loc":{"start":{"line":16,"column":18},"end":{"line":16,"column":27}},"line":16},"4":{"name":"(anonymous_4)","decl":{"start":{"line":17,"column":13},"end":{"line":17,"column":14}},"loc":{"start":{"line":17,"column":19},"end":{"line":19,"column":7}},"line":17},"5":{"name":"(anonymous_5)","decl":{"start":{"line":22,"column":12},"end":{"line":22,"column":13}},"loc":{"start":{"line":22,"column":18},"end":{"line":37,"column":7}},"line":22},"6":{"name":"(anonymous_6)","decl":{"start":{"line":30,"column":26},"end":{"line":30,"column":27}},"loc":{"start":{"line":30,"column":32},"end":{"line":32,"column":13}},"line":30},"7":{"name":"(anonymous_7)","decl":{"start":{"line":33,"column":25},"end":{"line":33,"column":26}},"loc":{"start":{"line":33,"column":32},"end":{"line":35,"column":13}},"line":33},"8":{"name":"(anonymous_8)","decl":{"start":{"line":38,"column":12},"end":{"line":38,"column":13}},"loc":{"start":{"line":38,"column":18},"end":{"line":38,"column":27}},"line":38},"9":{"name":"(anonymous_9)","decl":{"start":{"line":39,"column":13},"end":{"line":39,"column":14}},"loc":{"start":{"line":39,"column":19},"end":{"line":41,"column":7}},"line":39},"10":{"name":"(anonymous_10)","decl":{"start":{"line":43,"column":46},"end":{"line":43,"column":47}},"loc":{"start":{"line":43,"column":52},"end":{"line":76,"column":5}},"line":43},"11":{"name":"(anonymous_11)","decl":{"start":{"line":46,"column":14},"end":{"line":46,"column":15}},"loc":{"start":{"line":46,"column":20},"end":{"line":46,"column":29}},"line":46},"12":{"name":"(anonymous_12)","decl":{"start":{"line":47,"column":15},"end":{"line":47,"column":16}},"loc":{"start":{"line":47,"column":21},"end":{"line":49,"column":9}},"line":47},"13":{"name":"(anonymous_13)","decl":{"start":{"line":52,"column":14},"end":{"line":52,"column":15}},"loc":{"start":{"line":52,"column":20},"end":{"line":71,"column":9}},"line":52},"14":{"name":"(anonymous_14)","decl":{"start":{"line":64,"column":28},"end":{"line":64,"column":29}},"loc":{"start":{"line":64,"column":34},"end":{"line":66,"column":15}},"line":64},"15":{"name":"(anonymous_15)","decl":{"start":{"line":67,"column":27},"end":{"line":67,"column":28}},"loc":{"start":{"line":67,"column":34},"end":{"line":69,"column":15}},"line":67},"16":{"name":"(anonymous_16)","decl":{"start":{"line":72,"column":14},"end":{"line":72,"column":15}},"loc":{"start":{"line":72,"column":20},"end":{"line":72,"column":29}},"line":72},"17":{"name":"(anonymous_17)","decl":{"start":{"line":73,"column":15},"end":{"line":73,"column":16}},"loc":{"start":{"line":73,"column":21},"end":{"line":75,"column":9}},"line":73}},"branchMap":{"0":{"loc":{"start":{"line":13,"column":2},"end":{"line":77,"column":3}},"type":"if","locations":[{"start":{"line":13,"column":2},"end":{"line":77,"column":3}},{"start":{"line":42,"column":9},"end":{"line":77,"column":3}}],"line":13}},"s":{"0":1,"1":1,"2":0,"3":0,"4":0,"5":0,"6":0,"7":0,"8":0,"9":0,"10":0,"11":0,"12":0,"13":0,"14":0,"15":0,"16":0,"17":0,"18":0,"19":0,"20":0,"21":0,"22":0,"23":0,"24":0,"25":0,"26":0,"27":0,"28":0,"29":0,"30":0,"31":0,"32":0,"33":0,"34":0},"f":{"0":0,"1":0,"2":0,"3":0,"4":0,"5":0,"6":0,"7":0,"8":0,"9":0,"10":0,"11":0,"12":0,"13":0,"14":0,"15":0,"16":0,"17":0},"b":{"0":[0,0]},"_coverageSchema":"1a1c01bbd47fc00a2c39e90264f33305004495a9","hash":"421bb7bd1a1fe052e4b4e5460f0793b2f4d30e55"}
,"/home/nikolai/backend-project-4/src/index.js": {"path":"/home/nikolai/backend-project-4/src/index.js","statementMap":{"0":{"start":{"line":3,"column":19},"end":{"line":11,"column":2}},"1":{"start":{"line":3,"column":36},"end":{"line":11,"column":2}},"2":{"start":{"line":4,"column":2},"end":{"line":10,"column":7}},"3":{"start":{"line":6,"column":6},"end":{"line":6,"column":16}},"4":{"start":{"line":9,"column":6},"end":{"line":9,"column":15}}},"fnMap":{"0":{"name":"(anonymous_0)","decl":{"start":{"line":3,"column":19},"end":{"line":3,"column":20}},"loc":{"start":{"line":3,"column":36},"end":{"line":11,"column":2}},"line":3},"1":{"name":"(anonymous_1)","decl":{"start":{"line":3,"column":48},"end":{"line":3,"column":49}},"loc":{"start":{"line":3,"column":69},"end":{"line":11,"column":1}},"line":3},"2":{"name":"(anonymous_2)","decl":{"start":{"line":5,"column":10},"end":{"line":5,"column":11}},"loc":{"start":{"line":5,"column":16},"end":{"line":7,"column":5}},"line":5},"3":{"name":"(anonymous_3)","decl":{"start":{"line":8,"column":11},"end":{"line":8,"column":12}},"loc":{"start":{"line":8,"column":17},"end":{"line":10,"column":5}},"line":8}},"branchMap":{},"s":{"0":1,"1":1,"2":1,"3":0,"4":0},"f":{"0":1,"1":1,"2":0,"3":0},"b":{},"_coverageSchema":"1a1c01bbd47fc00a2c39e90264f33305004495a9","hash":"1ec8c80f6f52de50ea2e15ab7bd1e8f01439740c"}
}
